<?xml version="1.0" encoding="utf-8" standalone="no"?>
<!--This file represents the results of running a test suite-->
<test-results name="C:\dev\FSharpDomain\tests\FSharpDomain.Tests\bin\Release\FSharpDomain.Tests.dll" total="1" errors="0" failures="0" not-run="0" inconclusive="0" ignored="0" skipped="0" invalid="0" date="2015-06-08" time="18:18:55">
  <environment nunit-version="2.6.4.14350" clr-version="2.0.50727.8009" os-version="Microsoft Windows NT 6.2.9200.0" platform="Win32NT" cwd="C:\dev\FSharpDomain" machine-name="DARTHVADER" user="Info" user-domain="DARTHVADER" />
  <culture-info current-culture="en-GB" current-uiculture="en-GB" />
  <test-suite type="Assembly" name="C:\dev\FSharpDomain\tests\FSharpDomain.Tests\bin\Release\FSharpDomain.Tests.dll" executed="True" result="Success" success="True" time="0.127" asserts="0">
    <results>
      <test-suite type="Namespace" name="FSharpDomain" executed="True" result="Success" success="True" time="0.114" asserts="0">
        <results>
          <test-suite type="TestFixture" name="Tests" executed="True" result="Success" success="True" time="0.112" asserts="0">
            <results>
              <test-case name="FSharpDomain.Tests.hello returns 42" executed="True" result="Success" success="True" time="0.105" asserts="1" />
            </results>
          </test-suite>
        </results>
      </test-suite>
    </results>
  </test-suite>
</test-results>